<?xml version="1.0" encoding="UTF-8"?>
<!-- Generated by org.testng.reporters.JUnitXMLReporter -->
<testsuite hostname="Bilal-PC" name="E2E" tests="3" failures="0" timestamp="7 Mar 2019 11:28:50 GMT" time="51.973" errors="0">
  <testcase name="titleTest" time="0.014" classname="com.classic.crmpro.test.LoginPage"/>
  <testcase name="homePageLoginButtonTest" time="5.494" classname="com.classic.crmpro.test.LoginPage"/>
  <testcase name="contactTest" time="1.061" classname="com.classic.crmpro.test.HomePage"/>
</testsuite> <!-- E2E -->
