<?xml version="1.0" encoding="UTF-8"?>
<!-- Generated by org.testng.reporters.JUnitXMLReporter -->
<testsuite hostname="Bilal-PC" name="End toEnd" tests="6" failures="0" timestamp="6 Mar 2019 16:09:03 GMT" time="111.619" errors="0">
  <testcase name="contactTest" time="1.049" classname="com.classic.crmpro.test.HomePage"/>
  <testcase name="dealsTest" time="1.011" classname="com.classic.crmpro.test.HomePage"/>
  <testcase name="tasksTest" time="1.703" classname="com.classic.crmpro.test.HomePage"/>
  <testcase name="urlTest" time="0.004" classname="com.classic.crmpro.test.LoginPage"/>
  <testcase name="titleTest" time="0.006" classname="com.classic.crmpro.test.LoginPage"/>
  <testcase name="homePageLoginButtonTest" time="5.466" classname="com.classic.crmpro.test.LoginPage"/>
</testsuite> <!-- End toEnd -->
