<?xml version="1.0" encoding="UTF-8"?>
<!-- Generated by org.testng.reporters.JUnitXMLReporter -->
<testsuite hostname="Bilal-PC" name="End toEnd" tests="6" failures="0" timestamp="6 Mar 2019 20:51:21 GMT" time="111.191" errors="0">
  <testcase name="contactTest" time="1.434" classname="com.classic.crmpro.test.HomePage"/>
  <testcase name="dealsTest" time="1.011" classname="com.classic.crmpro.test.HomePage"/>
  <testcase name="tasksTest" time="1.0" classname="com.classic.crmpro.test.HomePage"/>
  <testcase name="urlTest" time="0.004" classname="com.classic.crmpro.test.LoginPage"/>
  <testcase name="titleTest" time="0.005" classname="com.classic.crmpro.test.LoginPage"/>
  <testcase name="homePageLoginButtonTest" time="5.805" classname="com.classic.crmpro.test.LoginPage"/>
</testsuite> <!-- End toEnd -->
