<?xml version="1.0" encoding="UTF-8"?>
<!-- Generated by org.testng.reporters.JUnitXMLReporter -->
<testsuite hostname="Bilal-PC" name="End toEnd Test" tests="7" failures="0" timestamp="6 Mar 2019 15:53:00 GMT" time="128.24" errors="0">
  <testcase name="contactTest" time="1.032" classname="com.classic.crmpro.test.HomePage"/>
  <testcase name="dealsTest" time="1.425" classname="com.classic.crmpro.test.HomePage"/>
  <testcase name="tasksTest" time="1.012" classname="com.classic.crmpro.test.HomePage"/>
  <testcase name="urlTest" time="0.006" classname="com.classic.crmpro.test.Testing"/>
  <testcase name="titleTest" time="0.005" classname="com.classic.crmpro.test.Testing"/>
  <testcase name="logoTest" time="0.043" classname="com.classic.crmpro.test.Testing"/>
  <testcase name="homePageLoginButtonTest" time="5.727" classname="com.classic.crmpro.test.Testing"/>
</testsuite> <!-- End toEnd Test -->
