<?xml version="1.0" encoding="UTF-8"?>
<!-- Generated by org.testng.reporters.JUnitXMLReporter -->
<testsuite hostname="Bilal-PC" name="End2End" tests="4" failures="0" timestamp="7 Mar 2019 10:57:02 GMT" time="61.019" errors="0">
  <testcase name="urlTest" time="0.013" classname="com.classic.crmpro.test.LoginPage"/>
  <testcase name="titleTest" time="0.006" classname="com.classic.crmpro.test.LoginPage"/>
  <testcase name="logoTest" time="0.065" classname="com.classic.crmpro.test.LoginPage"/>
  <testcase name="homePageLoginButtonTest" time="4.672" classname="com.classic.crmpro.test.LoginPage"/>
</testsuite> <!-- End2End -->
