<?xml version="1.0" encoding="UTF-8"?>
<!-- Generated by org.testng.reporters.JUnitXMLReporter -->
<testsuite hostname="Bilal-PC" name="Regression" tests="5" failures="0" timestamp="7 Mar 2019 11:31:30 GMT" time="88.952" errors="0">
  <testcase name="contactTest" time="1.094" classname="com.classic.crmpro.test.HomePage"/>
  <testcase name="dealsTest" time="1.071" classname="com.classic.crmpro.test.HomePage"/>
  <testcase name="tasksTest" time="1.016" classname="com.classic.crmpro.test.HomePage"/>
  <testcase name="logoTest" time="0.041" classname="com.classic.crmpro.test.LoginPage"/>
  <testcase name="homePageLoginButtonTest" time="4.655" classname="com.classic.crmpro.test.LoginPage"/>
</testsuite> <!-- Regression -->
