<?xml version="1.0" encoding="UTF-8"?>
<!-- Generated by org.testng.reporters.JUnitXMLReporter -->
<testsuite hostname="Bilal-PC" name="Sanity" tests="3" failures="0" timestamp="7 Mar 2019 11:30:01 GMT" time="71.168" errors="0">
  <testcase name="homePageLoginButtonTest" time="4.584" classname="com.classic.crmpro.test.LoginPage"/>
  <testcase name="contactTest" time="1.569" classname="com.classic.crmpro.test.HomePage"/>
  <testcase name="dealsTest" time="1.033" classname="com.classic.crmpro.test.HomePage"/>
</testsuite> <!-- Sanity -->
