<?xml version="1.0" encoding="UTF-8"?>
<!-- Generated by org.testng.reporters.JUnitXMLReporter -->
<testsuite hostname="Bilal-PC" name="Default test" tests="3" failures="0" timestamp="6 Mar 2019 15:27:14 GMT" time="65.911" errors="0">
  <testcase name="contactTest" time="1.942" classname="com.classic.crmpro.test.HomePage"/>
  <testcase name="dealsTest" time="1.424" classname="com.classic.crmpro.test.HomePage"/>
  <testcase name="tasksTest" time="1.006" classname="com.classic.crmpro.test.HomePage"/>
</testsuite> <!-- Default test -->
