<?xml version="1.0" encoding="UTF-8"?>
<testng-results skipped="0" failed="0" total="1" passed="1">
  <reporter-output>
  </reporter-output>
  <suite name="Default suite" duration-ms="24038" started-at="2019-03-06T15:18:22Z" finished-at="2019-03-06T15:18:46Z">
    <groups>
    </groups>
    <test name="Default test" duration-ms="24038" started-at="2019-03-06T15:18:22Z" finished-at="2019-03-06T15:18:46Z">
      <class name="com.classic.crmpro.test.HomePage">
        <test-method status="PASS" signature="setUpAndLogin()[pri:0, instance:com.classic.crmpro.test.HomePage@643b1d11]" name="setUpAndLogin" is-config="true" duration-ms="20604" started-at="2019-03-06T16:18:22Z" finished-at="2019-03-06T16:18:43Z">
          <reporter-output>
          </reporter-output>
        </test-method> <!-- setUpAndLogin -->
        <test-method status="PASS" signature="contactTest()[pri:1, instance:com.classic.crmpro.test.HomePage@643b1d11]" name="contactTest" duration-ms="1427" started-at="2019-03-06T16:18:43Z" finished-at="2019-03-06T16:18:44Z">
          <reporter-output>
          </reporter-output>
        </test-method> <!-- contactTest -->
        <test-method status="PASS" signature="doAfterTests()[pri:0, instance:com.classic.crmpro.test.HomePage@643b1d11]" name="doAfterTests" is-config="true" duration-ms="1992" started-at="2019-03-06T16:18:44Z" finished-at="2019-03-06T16:18:46Z">
          <reporter-output>
          </reporter-output>
        </test-method> <!-- doAfterTests -->
      </class> <!-- com.classic.crmpro.test.HomePage -->
    </test> <!-- Default test -->
  </suite> <!-- Default suite -->
</testng-results>
