<?xml version="1.0" encoding="UTF-8"?>
<testng-results skipped="0" failed="0" total="3" passed="3">
  <reporter-output>
  </reporter-output>
  <suite name="Default suite" duration-ms="65911" started-at="2019-03-06T15:26:08Z" finished-at="2019-03-06T15:27:14Z">
    <groups>
    </groups>
    <test name="Default test" duration-ms="65911" started-at="2019-03-06T15:26:08Z" finished-at="2019-03-06T15:27:14Z">
      <class name="com.classic.crmpro.test.HomePage">
        <test-method status="PASS" signature="setUpAndLogin()[pri:0, instance:com.classic.crmpro.test.HomePage@643b1d11]" name="setUpAndLogin" is-config="true" duration-ms="18864" started-at="2019-03-06T16:26:08Z" finished-at="2019-03-06T16:26:27Z">
          <reporter-output>
          </reporter-output>
        </test-method> <!-- setUpAndLogin -->
        <test-method status="PASS" signature="contactTest()[pri:1, instance:com.classic.crmpro.test.HomePage@643b1d11]" name="contactTest" duration-ms="1942" started-at="2019-03-06T16:26:27Z" finished-at="2019-03-06T16:26:29Z">
          <reporter-output>
          </reporter-output>
        </test-method> <!-- contactTest -->
        <test-method status="PASS" signature="doAfterTests()[pri:0, instance:com.classic.crmpro.test.HomePage@643b1d11]" name="doAfterTests" is-config="true" duration-ms="2201" started-at="2019-03-06T16:26:29Z" finished-at="2019-03-06T16:26:31Z">
          <reporter-output>
          </reporter-output>
        </test-method> <!-- doAfterTests -->
        <test-method status="PASS" signature="setUpAndLogin()[pri:0, instance:com.classic.crmpro.test.HomePage@643b1d11]" name="setUpAndLogin" is-config="true" duration-ms="18190" started-at="2019-03-06T16:26:31Z" finished-at="2019-03-06T16:26:49Z">
          <reporter-output>
          </reporter-output>
        </test-method> <!-- setUpAndLogin -->
        <test-method status="PASS" signature="dealsTest()[pri:2, instance:com.classic.crmpro.test.HomePage@643b1d11]" name="dealsTest" duration-ms="1424" started-at="2019-03-06T16:26:49Z" finished-at="2019-03-06T16:26:50Z">
          <reporter-output>
          </reporter-output>
        </test-method> <!-- dealsTest -->
        <test-method status="PASS" signature="doAfterTests()[pri:0, instance:com.classic.crmpro.test.HomePage@643b1d11]" name="doAfterTests" is-config="true" duration-ms="2181" started-at="2019-03-06T16:26:50Z" finished-at="2019-03-06T16:26:53Z">
          <reporter-output>
          </reporter-output>
        </test-method> <!-- doAfterTests -->
        <test-method status="PASS" signature="setUpAndLogin()[pri:0, instance:com.classic.crmpro.test.HomePage@643b1d11]" name="setUpAndLogin" is-config="true" duration-ms="18191" started-at="2019-03-06T16:26:53Z" finished-at="2019-03-06T16:27:11Z">
          <reporter-output>
          </reporter-output>
        </test-method> <!-- setUpAndLogin -->
        <test-method status="PASS" signature="tasksTest()[pri:3, instance:com.classic.crmpro.test.HomePage@643b1d11]" name="tasksTest" duration-ms="1006" started-at="2019-03-06T16:27:11Z" finished-at="2019-03-06T16:27:12Z">
          <reporter-output>
          </reporter-output>
        </test-method> <!-- tasksTest -->
        <test-method status="PASS" signature="doAfterTests()[pri:0, instance:com.classic.crmpro.test.HomePage@643b1d11]" name="doAfterTests" is-config="true" duration-ms="1897" started-at="2019-03-06T16:27:12Z" finished-at="2019-03-06T16:27:14Z">
          <reporter-output>
          </reporter-output>
        </test-method> <!-- doAfterTests -->
      </class> <!-- com.classic.crmpro.test.HomePage -->
    </test> <!-- Default test -->
  </suite> <!-- Default suite -->
</testng-results>
